# JRE version: OpenJDK Runtime Environment Temurin-21.0.7+6 (21.0.7+6) (build 21.0.7+6-LTS)
# Java VM: OpenJDK 64-Bit Server VM Temurin-21.0.7+6 (21.0.7+6-LTS, mixed mode, sharing, tiered, compressed oops, compressed class ptrs, g1 gc, windows-amd64)
GC Precious Log:
 CardTable entry size: 512
 Card Set container configuration: InlinePtr #cards 4 size 8 Array Of Cards #cards 16 size 48 Howl #buckets 8 coarsen threshold 3686 Howl Bitmap #cards 512 size 80 coarsen threshold 460 Card regions per heap region 1 cards per card region 4096
 CPUs: 4 total, 4 available
 Memory: 3345M
 Large Page Support: Disabled
 NUMA Support: Disabled
 Compressed Oops: Enabled (Zero based)
 Heap Region Size: 2M
 Heap Min Capacity: 8M
 Heap Initial Capacity: 54M
 Heap Max Capacity: 4G
 Pre-touch: Disabled
 Parallel Workers: 4
 Concurrent Workers: 1
 Concurrent Refinement Workers: 4
 Periodic GC: Disabled
Heap:
 garbage-first heap   total 526336K, used 193791K [0x0000000700000000, 0x0000000800000000)
  region size 2048K, 2 young (4096K), 2 survivors (4096K)
 Metaspace       used 95946K, committed 98496K, reserved 1179648K
  class space    used 13467K, committed 14720K, reserved 1048576K
GC Heap History (20 events):
Event: 75.824 GC heap after
{Heap after GC invocations=58 (full 0):
 garbage-first heap   total 253952K, used 134344K [0x0000000700000000, 0x0000000800000000)
  region size 2048K, 3 young (6144K), 3 survivors (6144K)
 Metaspace       used 86511K, committed 88768K, reserved 1179648K
  class space    used 12005K, committed 13120K, reserved 1048576K
}
Event: 83.486 GC heap before
{Heap before GC invocations=58 (full 0):
 garbage-first heap   total 253952K, used 226504K [0x0000000700000000, 0x0000000800000000)
  region size 2048K, 48 young (98304K), 3 survivors (6144K)
 Metaspace       used 91720K, committed 94016K, reserved 1179648K
  class space    used 12871K, committed 14016K, reserved 1048576K
}
Event: 83.727 GC heap after
{Heap after GC invocations=59 (full 0):
 garbage-first heap   total 253952K, used 139264K [0x0000000700000000, 0x0000000800000000)
  region size 2048K, 5 young (10240K), 5 survivors (10240K)
 Metaspace       used 91720K, committed 94016K, reserved 1179648K
  class space    used 12871K, committed 14016K, reserved 1048576K
}
Event: 109.870 GC heap before
{Heap before GC invocations=60 (full 0):
 garbage-first heap   total 253952K, used 169984K [0x0000000700000000, 0x0000000800000000)
  region size 2048K, 21 young (43008K), 5 survivors (10240K)
 Metaspace       used 92272K, committed 94592K, reserved 1179648K
  class space    used 12957K, committed 14144K, reserved 1048576K
}
Event: 109.959 GC heap after
{Heap after GC invocations=61 (full 0):
 garbage-first heap   total 253952K, used 141745K [0x0000000700000000, 0x0000000800000000)
  region size 2048K, 3 young (6144K), 3 survivors (6144K)
 Metaspace       used 92272K, committed 94592K, reserved 1179648K
  class space    used 12957K, committed 14144K, reserved 1048576K
}
Event: 118.275 GC heap before
{Heap before GC invocations=61 (full 0):
 garbage-first heap   total 253952K, used 223665K [0x0000000700000000, 0x0000000800000000)
  region size 2048K, 44 young (90112K), 3 survivors (6144K)
 Metaspace       used 93385K, committed 95744K, reserved 1179648K
  class space    used 13100K, committed 14272K, reserved 1048576K
}
Event: 118.348 GC heap after
{Heap after GC invocations=62 (full 0):
 garbage-first heap   total 253952K, used 145925K [0x0000000700000000, 0x0000000800000000)
  region size 2048K, 5 young (10240K), 5 survivors (10240K)
 Metaspace       used 93385K, committed 95744K, reserved 1179648K
  class space    used 13100K, committed 14272K, reserved 1048576K
}
Event: 121.510 GC heap before
{Heap before GC invocations=62 (full 0):
 garbage-first heap   total 253952K, used 199173K [0x0000000700000000, 0x0000000800000000)
  region size 2048K, 32 young (65536K), 5 survivors (10240K)
 Metaspace       used 93636K, committed 96064K, reserved 1179648K
  class space    used 13131K, committed 14336K, reserved 1048576K
}
Event: 121.684 GC heap after
{Heap after GC invocations=63 (full 0):
 garbage-first heap   total 253952K, used 147359K [0x0000000700000000, 0x0000000800000000)
  region size 2048K, 2 young (4096K), 2 survivors (4096K)
 Metaspace       used 93636K, committed 96064K, reserved 1179648K
  class space    used 13131K, committed 14336K, reserved 1048576K
}
Event: 133.175 GC heap before
{Heap before GC invocations=63 (full 0):
 garbage-first heap   total 253952K, used 229279K [0x0000000700000000, 0x0000000800000000)
  region size 2048K, 43 young (88064K), 2 survivors (4096K)
 Metaspace       used 95274K, committed 97728K, reserved 1179648K
  class space    used 13394K, committed 14592K, reserved 1048576K
}
Event: 133.409 GC heap after
{Heap after GC invocations=64 (full 0):
 garbage-first heap   total 526336K, used 159179K [0x0000000700000000, 0x0000000800000000)
  region size 2048K, 6 young (12288K), 6 survivors (12288K)
 Metaspace       used 95274K, committed 97728K, reserved 1179648K
  class space    used 13394K, committed 14592K, reserved 1048576K
}
Event: 134.303 GC heap before
{Heap before GC invocations=64 (full 0):
 garbage-first heap   total 526336K, used 175563K [0x0000000700000000, 0x0000000800000000)
  region size 2048K, 14 young (28672K), 6 survivors (12288K)
 Metaspace       used 95276K, committed 97728K, reserved 1179648K
  class space    used 13394K, committed 14592K, reserved 1048576K
}
Event: 134.351 GC heap after
{Heap after GC invocations=65 (full 0):
 garbage-first heap   total 526336K, used 161243K [0x0000000700000000, 0x0000000800000000)
  region size 2048K, 2 young (4096K), 2 survivors (4096K)
 Metaspace       used 95276K, committed 97728K, reserved 1179648K
  class space    used 13394K, committed 14592K, reserved 1048576K
}
Event: 139.590 GC heap before
{Heap before GC invocations=66 (full 0):
 garbage-first heap   total 526336K, used 253403K [0x0000000700000000, 0x0000000800000000)
  region size 2048K, 48 young (98304K), 2 survivors (4096K)
 Metaspace       used 95280K, committed 97728K, reserved 1179648K
  class space    used 13394K, committed 14592K, reserved 1048576K
}
Event: 139.664 GC heap after
{Heap after GC invocations=67 (full 0):
 garbage-first heap   total 526336K, used 162262K [0x0000000700000000, 0x0000000800000000)
  region size 2048K, 3 young (6144K), 3 survivors (6144K)
 Metaspace       used 95280K, committed 97728K, reserved 1179648K
  class space    used 13394K, committed 14592K, reserved 1048576K
}
Event: 181.663 GC heap before
{Heap before GC invocations=67 (full 0):
 garbage-first heap   total 526336K, used 461270K [0x0000000700000000, 0x0000000800000000)
  region size 2048K, 148 young (303104K), 3 survivors (6144K)
 Metaspace       used 95944K, committed 98496K, reserved 1179648K
  class space    used 13467K, committed 14720K, reserved 1048576K
}
Event: 185.329 GC heap after
{Heap after GC invocations=68 (full 0):
 garbage-first heap   total 526336K, used 190582K [0x0000000700000000, 0x0000000800000000)
  region size 2048K, 16 young (32768K), 16 survivors (32768K)
 Metaspace       used 95944K, committed 98496K, reserved 1179648K
  class space    used 13467K, committed 14720K, reserved 1048576K
}
Event: 186.487 GC heap before
{Heap before GC invocations=68 (full 0):
 garbage-first heap   total 526336K, used 198774K [0x0000000700000000, 0x0000000800000000)
  region size 2048K, 20 young (40960K), 16 survivors (32768K)
 Metaspace       used 95944K, committed 98496K, reserved 1179648K
  class space    used 13467K, committed 14720K, reserved 1048576K
}
Event: 186.758 GC heap after
{Heap after GC invocations=69 (full 0):
 garbage-first heap   total 526336K, used 193791K [0x0000000700000000, 0x0000000800000000)
  region size 2048K, 2 young (4096K), 2 survivors (4096K)
 Metaspace       used 95944K, committed 98496K, reserved 1179648K
  class space    used 13467K, committed 14720K, reserved 1048576K
}
Event: 190.026 GC heap before
{Heap before GC invocations=69 (full 0):
 garbage-first heap   total 526336K, used 247039K [0x0000000700000000, 0x0000000800000000)
  region size 2048K, 29 young (59392K), 2 survivors (4096K)
 Metaspace       used 95946K, committed 98496K, reserved 1179648K
  class space    used 13467K, committed 14720K, reserved 1048576K
}

