# JRE version: OpenJDK Runtime Environment Temurin-21.0.7+6 (21.0.7+6) (build 21.0.7+6-LTS)
# Java VM: OpenJDK 64-Bit Server VM Temurin-21.0.7+6 (21.0.7+6-LTS, mixed mode, sharing, tiered, compressed oops, compressed class ptrs, g1 gc, windows-amd64)
GC Precious Log:
 CardTable entry size: 512
 Card Set container configuration: InlinePtr #cards 4 size 8 Array Of Cards #cards 16 size 48 Howl #buckets 8 coarsen threshold 3686 Howl Bitmap #cards 512 size 80 coarsen threshold 460 Card regions per heap region 1 cards per card region 4096
 CPUs: 4 total, 4 available
 Memory: 3345M
 Large Page Support: Disabled
 NUMA Support: Disabled
 Compressed Oops: Enabled (Zero based)
 Heap Region Size: 2M
 Heap Min Capacity: 8M
 Heap Initial Capacity: 54M
 Heap Max Capacity: 4G
 Pre-touch: Disabled
 Parallel Workers: 4
 Concurrent Workers: 1
 Concurrent Refinement Workers: 4
 Periodic GC: Disabled
Heap:
 garbage-first heap   total 497664K, used 247018K [0x0000000700000000, 0x0000000800000000)
  region size 2048K, 2 young (4096K), 2 survivors (4096K)
 Metaspace       used 110167K, committed 112896K, reserved 1179648K
  class space    used 15304K, committed 16640K, reserved 1048576K
GC Heap History (20 events):
Event: 121.876 GC heap after
{Heap after GC invocations=66 (full 0):
 garbage-first heap   total 342016K, used 160901K [0x0000000700000000, 0x0000000800000000)
  region size 2048K, 2 young (4096K), 2 survivors (4096K)
 Metaspace       used 96389K, committed 98944K, reserved 1179648K
  class space    used 13572K, committed 14848K, reserved 1048576K
}
Event: 125.547 GC heap before
{Heap before GC invocations=66 (full 0):
 garbage-first heap   total 342016K, used 308357K [0x0000000700000000, 0x0000000800000000)
  region size 2048K, 75 young (153600K), 2 survivors (4096K)
 Metaspace       used 96461K, committed 99008K, reserved 1179648K
  class space    used 13575K, committed 14848K, reserved 1048576K
}
Event: 125.637 GC heap after
{Heap after GC invocations=67 (full 0):
 garbage-first heap   total 411648K, used 166843K [0x0000000700000000, 0x0000000800000000)
  region size 2048K, 5 young (10240K), 5 survivors (10240K)
 Metaspace       used 96461K, committed 99008K, reserved 1179648K
  class space    used 13575K, committed 14848K, reserved 1048576K
}
Event: 129.475 GC heap before
{Heap before GC invocations=67 (full 0):
 garbage-first heap   total 411648K, used 252859K [0x0000000700000000, 0x0000000800000000)
  region size 2048K, 46 young (94208K), 5 survivors (10240K)
 Metaspace       used 96831K, committed 99456K, reserved 1179648K
  class space    used 13616K, committed 14912K, reserved 1048576K
}
Event: 129.541 GC heap after
{Heap after GC invocations=68 (full 0):
 garbage-first heap   total 411648K, used 182272K [0x0000000700000000, 0x0000000800000000)
  region size 2048K, 6 young (12288K), 6 survivors (12288K)
 Metaspace       used 96831K, committed 99456K, reserved 1179648K
  class space    used 13616K, committed 14912K, reserved 1048576K
}
Event: 130.142 GC heap before
{Heap before GC invocations=68 (full 0):
 garbage-first heap   total 411648K, used 241664K [0x0000000700000000, 0x0000000800000000)
  region size 2048K, 36 young (73728K), 6 survivors (12288K)
 Metaspace       used 96833K, committed 99456K, reserved 1179648K
  class space    used 13616K, committed 14912K, reserved 1048576K
}
Event: 130.185 GC heap after
{Heap after GC invocations=69 (full 0):
 garbage-first heap   total 411648K, used 187084K [0x0000000700000000, 0x0000000800000000)
  region size 2048K, 3 young (6144K), 3 survivors (6144K)
 Metaspace       used 96833K, committed 99456K, reserved 1179648K
  class space    used 13616K, committed 14912K, reserved 1048576K
}
Event: 135.294 GC heap before
{Heap before GC invocations=69 (full 0):
 garbage-first heap   total 411648K, used 361164K [0x0000000700000000, 0x0000000800000000)
  region size 2048K, 89 young (182272K), 3 survivors (6144K)
 Metaspace       used 97067K, committed 99648K, reserved 1179648K
  class space    used 13644K, committed 14912K, reserved 1048576K
}
Event: 135.387 GC heap after
{Heap after GC invocations=70 (full 0):
 garbage-first heap   total 411648K, used 201749K [0x0000000700000000, 0x0000000800000000)
  region size 2048K, 10 young (20480K), 10 survivors (20480K)
 Metaspace       used 97067K, committed 99648K, reserved 1179648K
  class space    used 13644K, committed 14912K, reserved 1048576K
}
Event: 138.722 GC heap before
{Heap before GC invocations=70 (full 0):
 garbage-first heap   total 411648K, used 295957K [0x0000000700000000, 0x0000000800000000)
  region size 2048K, 57 young (116736K), 10 survivors (20480K)
 Metaspace       used 97189K, committed 99776K, reserved 1179648K
  class space    used 13656K, committed 14912K, reserved 1048576K
}
Event: 138.807 GC heap after
{Heap after GC invocations=71 (full 0):
 garbage-first heap   total 497664K, used 204245K [0x0000000700000000, 0x0000000800000000)
  region size 2048K, 4 young (8192K), 4 survivors (8192K)
 Metaspace       used 97189K, committed 99776K, reserved 1179648K
  class space    used 13656K, committed 14912K, reserved 1048576K
}
Event: 172.469 GC heap before
{Heap before GC invocations=72 (full 0):
 garbage-first heap   total 497664K, used 450005K [0x0000000700000000, 0x0000000800000000)
  region size 2048K, 125 young (256000K), 4 survivors (8192K)
 Metaspace       used 102181K, committed 104832K, reserved 1179648K
  class space    used 14238K, committed 15552K, reserved 1048576K
}
Event: 173.280 GC heap after
{Heap after GC invocations=73 (full 0):
 garbage-first heap   total 497664K, used 220040K [0x0000000700000000, 0x0000000800000000)
  region size 2048K, 11 young (22528K), 11 survivors (22528K)
 Metaspace       used 102181K, committed 104832K, reserved 1179648K
  class space    used 14238K, committed 15552K, reserved 1048576K
}
Event: 183.397 GC heap before
{Heap before GC invocations=73 (full 0):
 garbage-first heap   total 497664K, used 351112K [0x0000000700000000, 0x0000000800000000)
  region size 2048K, 75 young (153600K), 11 survivors (22528K)
 Metaspace       used 108590K, committed 111232K, reserved 1179648K
  class space    used 15107K, committed 16384K, reserved 1048576K
}
Event: 183.805 GC heap after
{Heap after GC invocations=74 (full 0):
 garbage-first heap   total 497664K, used 232102K [0x0000000700000000, 0x0000000800000000)
  region size 2048K, 6 young (12288K), 6 survivors (12288K)
 Metaspace       used 108590K, committed 111232K, reserved 1179648K
  class space    used 15107K, committed 16384K, reserved 1048576K
}
Event: 187.788 GC heap before
{Heap before GC invocations=74 (full 0):
 garbage-first heap   total 497664K, used 283302K [0x0000000700000000, 0x0000000800000000)
  region size 2048K, 32 young (65536K), 6 survivors (12288K)
 Metaspace       used 108899K, committed 111616K, reserved 1179648K
  class space    used 15135K, committed 16448K, reserved 1048576K
}
Event: 192.953 GC heap after
{Heap after GC invocations=75 (full 0):
 garbage-first heap   total 497664K, used 241433K [0x0000000700000000, 0x0000000800000000)
  region size 2048K, 4 young (8192K), 4 survivors (8192K)
 Metaspace       used 108899K, committed 111616K, reserved 1179648K
  class space    used 15135K, committed 16448K, reserved 1048576K
}
Event: 193.759 GC heap before
{Heap before GC invocations=75 (full 0):
 garbage-first heap   total 497664K, used 257817K [0x0000000700000000, 0x0000000800000000)
  region size 2048K, 12 young (24576K), 4 survivors (8192K)
 Metaspace       used 108953K, committed 111680K, reserved 1179648K
  class space    used 15136K, committed 16448K, reserved 1048576K
}
Event: 193.827 GC heap after
{Heap after GC invocations=76 (full 0):
 garbage-first heap   total 497664K, used 245760K [0x0000000700000000, 0x0000000800000000)
  region size 2048K, 2 young (4096K), 2 survivors (4096K)
 Metaspace       used 108953K, committed 111680K, reserved 1179648K
  class space    used 15136K, committed 16448K, reserved 1048576K
}
Event: 200.489 GC heap before
{Heap before GC invocations=76 (full 0):
 garbage-first heap   total 497664K, used 264192K [0x0000000700000000, 0x0000000800000000)
  region size 2048K, 12 young (24576K), 2 survivors (4096K)
 Metaspace       used 110167K, committed 112896K, reserved 1179648K
  class space    used 15304K, committed 16640K, reserved 1048576K
}

