# JRE version: OpenJDK Runtime Environment Temurin-21.0.7+6 (21.0.7+6) (build 21.0.7+6-LTS)
# Java VM: OpenJDK 64-Bit Server VM Temurin-21.0.7+6 (21.0.7+6-LTS, mixed mode, sharing, tiered, compressed oops, compressed class ptrs, g1 gc, windows-amd64)
GC Precious Log:
 CardTable entry size: 512
 Card Set container configuration: InlinePtr #cards 4 size 8 Array Of Cards #cards 16 size 48 Howl #buckets 8 coarsen threshold 3686 Howl Bitmap #cards 512 size 80 coarsen threshold 460 Card regions per heap region 1 cards per card region 4096
 CPUs: 4 total, 4 available
 Memory: 3345M
 Large Page Support: Disabled
 NUMA Support: Disabled
 Compressed Oops: Enabled (Zero based)
 Heap Region Size: 2M
 Heap Min Capacity: 8M
 Heap Initial Capacity: 54M
 Heap Max Capacity: 4G
 Pre-touch: Disabled
 Parallel Workers: 4
 Concurrent Workers: 1
 Concurrent Refinement Workers: 4
 Periodic GC: Disabled
Heap:
 garbage-first heap   total 649216K, used 218753K [0x0000000700000000, 0x0000000800000000)
  region size 2048K, 4 young (8192K), 4 survivors (8192K)
 Metaspace       used 103405K, committed 106112K, reserved 1179648K
  class space    used 14402K, committed 15744K, reserved 1048576K
GC Heap History (20 events):
Event: 259.207 GC heap after
{Heap after GC invocations=83 (full 0):
 garbage-first heap   total 649216K, used 187588K [0x0000000700000000, 0x0000000800000000)
  region size 2048K, 2 young (4096K), 2 survivors (4096K)
 Metaspace       used 96928K, committed 99520K, reserved 1179648K
  class space    used 13637K, committed 14912K, reserved 1048576K
}
Event: 262.291 GC heap before
{Heap before GC invocations=84 (full 0):
 garbage-first heap   total 628736K, used 228548K [0x0000000700000000, 0x0000000800000000)
  region size 2048K, 23 young (47104K), 2 survivors (4096K)
 Metaspace       used 96936K, committed 99520K, reserved 1179648K
  class space    used 13637K, committed 14912K, reserved 1048576K
}
Event: 262.317 GC heap after
{Heap after GC invocations=85 (full 0):
 garbage-first heap   total 628736K, used 188416K [0x0000000700000000, 0x0000000800000000)
  region size 2048K, 2 young (4096K), 2 survivors (4096K)
 Metaspace       used 96936K, committed 99520K, reserved 1179648K
  class space    used 13637K, committed 14912K, reserved 1048576K
}
Event: 281.741 GC heap before
{Heap before GC invocations=85 (full 0):
 garbage-first heap   total 628736K, used 282624K [0x0000000700000000, 0x0000000800000000)
  region size 2048K, 49 young (100352K), 2 survivors (4096K)
 Metaspace       used 97179K, committed 99840K, reserved 1179648K
  class space    used 13666K, committed 14976K, reserved 1048576K
}
Event: 282.112 GC heap after
{Heap after GC invocations=86 (full 0):
 garbage-first heap   total 628736K, used 198741K [0x0000000700000000, 0x0000000800000000)
  region size 2048K, 7 young (14336K), 7 survivors (14336K)
 Metaspace       used 97179K, committed 99840K, reserved 1179648K
  class space    used 13666K, committed 14976K, reserved 1048576K
}
Event: 283.882 GC heap before
{Heap before GC invocations=86 (full 0):
 garbage-first heap   total 628736K, used 213077K [0x0000000700000000, 0x0000000800000000)
  region size 2048K, 15 young (30720K), 7 survivors (14336K)
 Metaspace       used 97185K, committed 99840K, reserved 1179648K
  class space    used 13666K, committed 14976K, reserved 1048576K
}
Event: 283.960 GC heap after
{Heap after GC invocations=87 (full 0):
 garbage-first heap   total 628736K, used 198854K [0x0000000700000000, 0x0000000800000000)
  region size 2048K, 2 young (4096K), 2 survivors (4096K)
 Metaspace       used 97185K, committed 99840K, reserved 1179648K
  class space    used 13666K, committed 14976K, reserved 1048576K
}
Event: 292.149 GC heap before
{Heap before GC invocations=87 (full 0):
 garbage-first heap   total 628736K, used 260294K [0x0000000700000000, 0x0000000800000000)
  region size 2048K, 33 young (67584K), 2 survivors (4096K)
 Metaspace       used 97187K, committed 99840K, reserved 1179648K
  class space    used 13666K, committed 14976K, reserved 1048576K
}
Event: 292.191 GC heap after
{Heap after GC invocations=88 (full 0):
 garbage-first heap   total 628736K, used 198249K [0x0000000700000000, 0x0000000800000000)
  region size 2048K, 2 young (4096K), 2 survivors (4096K)
 Metaspace       used 97187K, committed 99840K, reserved 1179648K
  class space    used 13666K, committed 14976K, reserved 1048576K
}
Event: 311.252 GC heap before
{Heap before GC invocations=88 (full 0):
 garbage-first heap   total 628736K, used 294505K [0x0000000700000000, 0x0000000800000000)
  region size 2048K, 50 young (102400K), 2 survivors (4096K)
 Metaspace       used 97405K, committed 100032K, reserved 1179648K
  class space    used 13684K, committed 14976K, reserved 1048576K
}
Event: 311.440 GC heap after
{Heap after GC invocations=89 (full 0):
 garbage-first heap   total 628736K, used 201902K [0x0000000700000000, 0x0000000800000000)
  region size 2048K, 5 young (10240K), 5 survivors (10240K)
 Metaspace       used 97405K, committed 100032K, reserved 1179648K
  class space    used 13684K, committed 14976K, reserved 1048576K
}
Event: 317.649 GC heap before
{Heap before GC invocations=89 (full 0):
 garbage-first heap   total 628736K, used 232622K [0x0000000700000000, 0x0000000800000000)
  region size 2048K, 21 young (43008K), 5 survivors (10240K)
 Metaspace       used 97585K, committed 100288K, reserved 1179648K
  class space    used 13707K, committed 15040K, reserved 1048576K
}
Event: 317.710 GC heap after
{Heap after GC invocations=90 (full 0):
 garbage-first heap   total 628736K, used 203751K [0x0000000700000000, 0x0000000800000000)
  region size 2048K, 3 young (6144K), 3 survivors (6144K)
 Metaspace       used 97585K, committed 100288K, reserved 1179648K
  class space    used 13707K, committed 15040K, reserved 1048576K
}
Event: 320.039 GC heap before
{Heap before GC invocations=90 (full 0):
 garbage-first heap   total 628736K, used 269287K [0x0000000700000000, 0x0000000800000000)
  region size 2048K, 36 young (73728K), 3 survivors (6144K)
 Metaspace       used 97587K, committed 100288K, reserved 1179648K
  class space    used 13707K, committed 15040K, reserved 1048576K
}
Event: 320.109 GC heap after
{Heap after GC invocations=91 (full 0):
 garbage-first heap   total 628736K, used 204636K [0x0000000700000000, 0x0000000800000000)
  region size 2048K, 4 young (8192K), 4 survivors (8192K)
 Metaspace       used 97587K, committed 100288K, reserved 1179648K
  class space    used 13707K, committed 15040K, reserved 1048576K
}
Event: 327.071 GC heap before
{Heap before GC invocations=92 (full 0):
 garbage-first heap   total 628736K, used 270172K [0x0000000700000000, 0x0000000800000000)
  region size 2048K, 37 young (75776K), 4 survivors (8192K)
 Metaspace       used 99384K, committed 102016K, reserved 1179648K
  class space    used 13823K, committed 15104K, reserved 1048576K
}
Event: 327.175 GC heap after
{Heap after GC invocations=93 (full 0):
 garbage-first heap   total 628736K, used 211320K [0x0000000700000000, 0x0000000800000000)
  region size 2048K, 5 young (10240K), 5 survivors (10240K)
 Metaspace       used 99384K, committed 102016K, reserved 1179648K
  class space    used 13823K, committed 15104K, reserved 1048576K
}
Event: 330.358 GC heap before
{Heap before GC invocations=93 (full 0):
 garbage-first heap   total 628736K, used 239992K [0x0000000700000000, 0x0000000800000000)
  region size 2048K, 19 young (38912K), 5 survivors (10240K)
 Metaspace       used 100693K, committed 103424K, reserved 1179648K
  class space    used 14012K, committed 15360K, reserved 1048576K
}
Event: 330.530 GC heap after
{Heap after GC invocations=94 (full 0):
 garbage-first heap   total 628736K, used 216344K [0x0000000700000000, 0x0000000800000000)
  region size 2048K, 3 young (6144K), 3 survivors (6144K)
 Metaspace       used 100693K, committed 103424K, reserved 1179648K
  class space    used 14012K, committed 15360K, reserved 1048576K
}
Event: 335.057 GC heap before
{Heap before GC invocations=94 (full 0):
 garbage-first heap   total 628736K, used 263448K [0x0000000700000000, 0x0000000800000000)
  region size 2048K, 27 young (55296K), 3 survivors (6144K)
 Metaspace       used 103405K, committed 106112K, reserved 1179648K
  class space    used 14402K, committed 15744K, reserved 1048576K
}

