# JRE version: OpenJDK Runtime Environment Temurin-21.0.7+6 (21.0.7+6) (build 21.0.7+6-LTS)
# Java VM: OpenJDK 64-Bit Server VM Temurin-21.0.7+6 (21.0.7+6-LTS, mixed mode, sharing, tiered, compressed oops, compressed class ptrs, parallel gc, windows-amd64)
GC Precious Log:
 CardTable entry size: 512
 CPUs: 4 total, 4 available
 Memory: 3345M
 Large Page Support: Disabled
 NUMA Support: Disabled
 Compressed Oops: Enabled (32-bit)
 Alignments: Space 512K, Generation 512K, Heap 2M
 Heap Min Capacity: 100M
 Heap Initial Capacity: 100M
 Heap Max Capacity: 1G
 Pre-touch: Disabled
 Parallel Workers: 4
Heap:
 PSYoungGen      total 23040K, used 20894K [0x00000000eab00000, 0x00000000ec380000, 0x0000000100000000)
  eden space 22016K, 94% used [0x00000000eab00000,0x00000000ebf67b50,0x00000000ec080000)
  from space 1024K, 0% used [0x00000000ec100000,0x00000000ec100000,0x00000000ec200000)
  to   space 1536K, 0% used [0x00000000ec200000,0x00000000ec200000,0x00000000ec380000)
 ParOldGen       total 68608K, used 27782K [0x00000000c0000000, 0x00000000c4300000, 0x00000000eab00000)
  object space 68608K, 40% used [0x00000000c0000000,0x00000000c1b21a68,0x00000000c4300000)
 Metaspace       used 35224K, committed 36096K, reserved 1114112K
  class space    used 3468K, committed 3840K, reserved 1048576K
GC Heap History (20 events):
Event: 15.328 GC heap before
{Heap before GC invocations=10 (full 1):
 PSYoungGen      total 27648K, used 27568K [0x00000000eab00000, 0x00000000eca80000, 0x0000000100000000)
  eden space 24064K, 100% used [0x00000000eab00000,0x00000000ec280000,0x00000000ec280000)
  from space 3584K, 97% used [0x00000000ec680000,0x00000000ec9ec198,0x00000000eca00000)
  to   space 4096K, 0% used [0x00000000ec280000,0x00000000ec280000,0x00000000ec680000)
 ParOldGen       total 68608K, used 9404K [0x00000000c0000000, 0x00000000c4300000, 0x00000000eab00000)
  object space 68608K, 13% used [0x00000000c0000000,0x00000000c092f328,0x00000000c4300000)
 Metaspace       used 29857K, committed 30656K, reserved 1114112K
  class space    used 2918K, committed 3264K, reserved 1048576K
}
Event: 15.333 GC heap after
{Heap after GC invocations=10 (full 1):
 PSYoungGen      total 27648K, used 4049K [0x00000000eab00000, 0x00000000ecb00000, 0x0000000100000000)
  eden space 23552K, 0% used [0x00000000eab00000,0x00000000eab00000,0x00000000ec200000)
  from space 4096K, 98% used [0x00000000ec280000,0x00000000ec674790,0x00000000ec680000)
  to   space 4608K, 0% used [0x00000000ec680000,0x00000000ec680000,0x00000000ecb00000)
 ParOldGen       total 68608K, used 10194K [0x00000000c0000000, 0x00000000c4300000, 0x00000000eab00000)
  object space 68608K, 14% used [0x00000000c0000000,0x00000000c09f4838,0x00000000c4300000)
 Metaspace       used 29857K, committed 30656K, reserved 1114112K
  class space    used 2918K, committed 3264K, reserved 1048576K
}
Event: 233.073 GC heap before
{Heap before GC invocations=11 (full 1):
 PSYoungGen      total 27648K, used 27601K [0x00000000eab00000, 0x00000000ecb00000, 0x0000000100000000)
  eden space 23552K, 100% used [0x00000000eab00000,0x00000000ec200000,0x00000000ec200000)
  from space 4096K, 98% used [0x00000000ec280000,0x00000000ec674790,0x00000000ec680000)
  to   space 4608K, 0% used [0x00000000ec680000,0x00000000ec680000,0x00000000ecb00000)
 ParOldGen       total 68608K, used 10194K [0x00000000c0000000, 0x00000000c4300000, 0x00000000eab00000)
  object space 68608K, 14% used [0x00000000c0000000,0x00000000c09f4838,0x00000000c4300000)
 Metaspace       used 33029K, committed 33920K, reserved 1114112K
  class space    used 3254K, committed 3648K, reserved 1048576K
}
Event: 233.119 GC heap after
{Heap after GC invocations=11 (full 1):
 PSYoungGen      total 26624K, used 3132K [0x00000000eab00000, 0x00000000eca00000, 0x0000000100000000)
  eden space 23040K, 0% used [0x00000000eab00000,0x00000000eab00000,0x00000000ec180000)
  from space 3584K, 87% used [0x00000000ec680000,0x00000000ec98f0b0,0x00000000eca00000)
  to   space 3584K, 0% used [0x00000000ec300000,0x00000000ec300000,0x00000000ec680000)
 ParOldGen       total 68608K, used 12719K [0x00000000c0000000, 0x00000000c4300000, 0x00000000eab00000)
  object space 68608K, 18% used [0x00000000c0000000,0x00000000c0c6bce0,0x00000000c4300000)
 Metaspace       used 33029K, committed 33920K, reserved 1114112K
  class space    used 3254K, committed 3648K, reserved 1048576K
}
Event: 234.064 GC heap before
{Heap before GC invocations=12 (full 1):
 PSYoungGen      total 26624K, used 26172K [0x00000000eab00000, 0x00000000eca00000, 0x0000000100000000)
  eden space 23040K, 100% used [0x00000000eab00000,0x00000000ec180000,0x00000000ec180000)
  from space 3584K, 87% used [0x00000000ec680000,0x00000000ec98f0b0,0x00000000eca00000)
  to   space 3584K, 0% used [0x00000000ec300000,0x00000000ec300000,0x00000000ec680000)
 ParOldGen       total 68608K, used 12719K [0x00000000c0000000, 0x00000000c4300000, 0x00000000eab00000)
  object space 68608K, 18% used [0x00000000c0000000,0x00000000c0c6bce0,0x00000000c4300000)
 Metaspace       used 33162K, committed 34048K, reserved 1114112K
  class space    used 3276K, committed 3648K, reserved 1048576K
}
Event: 234.070 GC heap after
{Heap after GC invocations=12 (full 1):
 PSYoungGen      total 25088K, used 2048K [0x00000000eab00000, 0x00000000ec700000, 0x0000000100000000)
  eden space 22528K, 0% used [0x00000000eab00000,0x00000000eab00000,0x00000000ec100000)
  from space 2560K, 80% used [0x00000000ec300000,0x00000000ec500010,0x00000000ec580000)
  to   space 1536K, 0% used [0x00000000ec580000,0x00000000ec580000,0x00000000ec700000)
 ParOldGen       total 68608K, used 15724K [0x00000000c0000000, 0x00000000c4300000, 0x00000000eab00000)
  object space 68608K, 22% used [0x00000000c0000000,0x00000000c0f5b360,0x00000000c4300000)
 Metaspace       used 33162K, committed 34048K, reserved 1114112K
  class space    used 3276K, committed 3648K, reserved 1048576K
}
Event: 234.645 GC heap before
{Heap before GC invocations=13 (full 1):
 PSYoungGen      total 25088K, used 24576K [0x00000000eab00000, 0x00000000ec700000, 0x0000000100000000)
  eden space 22528K, 100% used [0x00000000eab00000,0x00000000ec100000,0x00000000ec100000)
  from space 2560K, 80% used [0x00000000ec300000,0x00000000ec500010,0x00000000ec580000)
  to   space 1536K, 0% used [0x00000000ec580000,0x00000000ec580000,0x00000000ec700000)
 ParOldGen       total 68608K, used 15724K [0x00000000c0000000, 0x00000000c4300000, 0x00000000eab00000)
  object space 68608K, 22% used [0x00000000c0000000,0x00000000c0f5b360,0x00000000c4300000)
 Metaspace       used 33550K, committed 34432K, reserved 1114112K
  class space    used 3331K, committed 3712K, reserved 1048576K
}
Event: 234.652 GC heap after
{Heap after GC invocations=13 (full 1):
 PSYoungGen      total 23552K, used 1506K [0x00000000eab00000, 0x00000000eca80000, 0x0000000100000000)
  eden space 22016K, 0% used [0x00000000eab00000,0x00000000eab00000,0x00000000ec080000)
  from space 1536K, 98% used [0x00000000ec580000,0x00000000ec6f8820,0x00000000ec700000)
  to   space 5120K, 0% used [0x00000000ec080000,0x00000000ec080000,0x00000000ec580000)
 ParOldGen       total 68608K, used 18508K [0x00000000c0000000, 0x00000000c4300000, 0x00000000eab00000)
  object space 68608K, 26% used [0x00000000c0000000,0x00000000c1213390,0x00000000c4300000)
 Metaspace       used 33550K, committed 34432K, reserved 1114112K
  class space    used 3331K, committed 3712K, reserved 1048576K
}
Event: 235.345 GC heap before
{Heap before GC invocations=14 (full 1):
 PSYoungGen      total 23552K, used 23522K [0x00000000eab00000, 0x00000000eca80000, 0x0000000100000000)
  eden space 22016K, 100% used [0x00000000eab00000,0x00000000ec080000,0x00000000ec080000)
  from space 1536K, 98% used [0x00000000ec580000,0x00000000ec6f8820,0x00000000ec700000)
  to   space 5120K, 0% used [0x00000000ec080000,0x00000000ec080000,0x00000000ec580000)
 ParOldGen       total 68608K, used 18508K [0x00000000c0000000, 0x00000000c4300000, 0x00000000eab00000)
  object space 68608K, 26% used [0x00000000c0000000,0x00000000c1213390,0x00000000c4300000)
 Metaspace       used 33571K, committed 34432K, reserved 1114112K
  class space    used 3331K, committed 3712K, reserved 1048576K
}
Event: 235.355 GC heap after
{Heap after GC invocations=14 (full 1):
 PSYoungGen      total 24576K, used 2112K [0x00000000eab00000, 0x00000000ec680000, 0x0000000100000000)
  eden space 22016K, 0% used [0x00000000eab00000,0x00000000eab00000,0x00000000ec080000)
  from space 2560K, 82% used [0x00000000ec080000,0x00000000ec290000,0x00000000ec300000)
  to   space 3072K, 0% used [0x00000000ec380000,0x00000000ec380000,0x00000000ec680000)
 ParOldGen       total 68608K, used 20011K [0x00000000c0000000, 0x00000000c4300000, 0x00000000eab00000)
  object space 68608K, 29% used [0x00000000c0000000,0x00000000c138ace0,0x00000000c4300000)
 Metaspace       used 33571K, committed 34432K, reserved 1114112K
  class space    used 3331K, committed 3712K, reserved 1048576K
}
Event: 235.884 GC heap before
{Heap before GC invocations=15 (full 1):
 PSYoungGen      total 24576K, used 24128K [0x00000000eab00000, 0x00000000ec680000, 0x0000000100000000)
  eden space 22016K, 100% used [0x00000000eab00000,0x00000000ec080000,0x00000000ec080000)
  from space 2560K, 82% used [0x00000000ec080000,0x00000000ec290000,0x00000000ec300000)
  to   space 3072K, 0% used [0x00000000ec380000,0x00000000ec380000,0x00000000ec680000)
 ParOldGen       total 68608K, used 20011K [0x00000000c0000000, 0x00000000c4300000, 0x00000000eab00000)
  object space 68608K, 29% used [0x00000000c0000000,0x00000000c138ace0,0x00000000c4300000)
 Metaspace       used 33574K, committed 34432K, reserved 1114112K
  class space    used 3331K, committed 3712K, reserved 1048576K
}
Event: 235.895 GC heap after
{Heap after GC invocations=15 (full 1):
 PSYoungGen      total 24064K, used 1956K [0x00000000eab00000, 0x00000000ec580000, 0x0000000100000000)
  eden space 22016K, 0% used [0x00000000eab00000,0x00000000eab00000,0x00000000ec080000)
  from space 2048K, 95% used [0x00000000ec380000,0x00000000ec569000,0x00000000ec580000)
  to   space 2560K, 0% used [0x00000000ec080000,0x00000000ec080000,0x00000000ec300000)
 ParOldGen       total 68608K, used 22059K [0x00000000c0000000, 0x00000000c4300000, 0x00000000eab00000)
  object space 68608K, 32% used [0x00000000c0000000,0x00000000c158ace0,0x00000000c4300000)
 Metaspace       used 33574K, committed 34432K, reserved 1114112K
  class space    used 3331K, committed 3712K, reserved 1048576K
}
Event: 236.499 GC heap before
{Heap before GC invocations=16 (full 1):
 PSYoungGen      total 24064K, used 23972K [0x00000000eab00000, 0x00000000ec580000, 0x0000000100000000)
  eden space 22016K, 100% used [0x00000000eab00000,0x00000000ec080000,0x00000000ec080000)
  from space 2048K, 95% used [0x00000000ec380000,0x00000000ec569000,0x00000000ec580000)
  to   space 2560K, 0% used [0x00000000ec080000,0x00000000ec080000,0x00000000ec300000)
 ParOldGen       total 68608K, used 22059K [0x00000000c0000000, 0x00000000c4300000, 0x00000000eab00000)
  object space 68608K, 32% used [0x00000000c0000000,0x00000000c158ace0,0x00000000c4300000)
 Metaspace       used 33611K, committed 34560K, reserved 1114112K
  class space    used 3334K, committed 3776K, reserved 1048576K
}
Event: 236.505 GC heap after
{Heap after GC invocations=16 (full 1):
 PSYoungGen      total 24576K, used 2144K [0x00000000eab00000, 0x00000000ec580000, 0x0000000100000000)
  eden space 22016K, 0% used [0x00000000eab00000,0x00000000eab00000,0x00000000ec080000)
  from space 2560K, 83% used [0x00000000ec080000,0x00000000ec298010,0x00000000ec300000)
  to   space 2560K, 0% used [0x00000000ec300000,0x00000000ec300000,0x00000000ec580000)
 ParOldGen       total 68608K, used 23947K [0x00000000c0000000, 0x00000000c4300000, 0x00000000eab00000)
  object space 68608K, 34% used [0x00000000c0000000,0x00000000c1762de0,0x00000000c4300000)
 Metaspace       used 33611K, committed 34560K, reserved 1114112K
  class space    used 3334K, committed 3776K, reserved 1048576K
}
Event: 237.398 GC heap before
{Heap before GC invocations=17 (full 1):
 PSYoungGen      total 24576K, used 24160K [0x00000000eab00000, 0x00000000ec580000, 0x0000000100000000)
  eden space 22016K, 100% used [0x00000000eab00000,0x00000000ec080000,0x00000000ec080000)
  from space 2560K, 83% used [0x00000000ec080000,0x00000000ec298010,0x00000000ec300000)
  to   space 2560K, 0% used [0x00000000ec300000,0x00000000ec300000,0x00000000ec580000)
 ParOldGen       total 68608K, used 23947K [0x00000000c0000000, 0x00000000c4300000, 0x00000000eab00000)
  object space 68608K, 34% used [0x00000000c0000000,0x00000000c1762de0,0x00000000c4300000)
 Metaspace       used 33653K, committed 34560K, reserved 1114112K
  class space    used 3334K, committed 3776K, reserved 1048576K
}
Event: 237.404 GC heap after
{Heap after GC invocations=17 (full 1):
 PSYoungGen      total 24064K, used 1856K [0x00000000eab00000, 0x00000000ec500000, 0x0000000100000000)
  eden space 22016K, 0% used [0x00000000eab00000,0x00000000eab00000,0x00000000ec080000)
  from space 2048K, 90% used [0x00000000ec300000,0x00000000ec4d0000,0x00000000ec500000)
  to   space 2048K, 0% used [0x00000000ec100000,0x00000000ec100000,0x00000000ec300000)
 ParOldGen       total 68608K, used 26051K [0x00000000c0000000, 0x00000000c4300000, 0x00000000eab00000)
  object space 68608K, 37% used [0x00000000c0000000,0x00000000c1970df0,0x00000000c4300000)
 Metaspace       used 33653K, committed 34560K, reserved 1114112K
  class space    used 3334K, committed 3776K, reserved 1048576K
}
Event: 246.783 GC heap before
{Heap before GC invocations=18 (full 1):
 PSYoungGen      total 24064K, used 16379K [0x00000000eab00000, 0x00000000ec500000, 0x0000000100000000)
  eden space 22016K, 65% used [0x00000000eab00000,0x00000000eb92ece0,0x00000000ec080000)
  from space 2048K, 90% used [0x00000000ec300000,0x00000000ec4d0000,0x00000000ec500000)
  to   space 2048K, 0% used [0x00000000ec100000,0x00000000ec100000,0x00000000ec300000)
 ParOldGen       total 68608K, used 26051K [0x00000000c0000000, 0x00000000c4300000, 0x00000000eab00000)
  object space 68608K, 37% used [0x00000000c0000000,0x00000000c1970df0,0x00000000c4300000)
 Metaspace       used 34993K, committed 35840K, reserved 1114112K
  class space    used 3452K, committed 3840K, reserved 1048576K
}
Event: 246.843 GC heap after
{Heap after GC invocations=18 (full 1):
 PSYoungGen      total 23040K, used 999K [0x00000000eab00000, 0x00000000ec380000, 0x0000000100000000)
  eden space 22016K, 0% used [0x00000000eab00000,0x00000000eab00000,0x00000000ec080000)
  from space 1024K, 97% used [0x00000000ec100000,0x00000000ec1f9da8,0x00000000ec200000)
  to   space 1536K, 0% used [0x00000000ec200000,0x00000000ec200000,0x00000000ec380000)
 ParOldGen       total 68608K, used 27859K [0x00000000c0000000, 0x00000000c4300000, 0x00000000eab00000)
  object space 68608K, 40% used [0x00000000c0000000,0x00000000c1b34ff0,0x00000000c4300000)
 Metaspace       used 34993K, committed 35840K, reserved 1114112K
  class space    used 3452K, committed 3840K, reserved 1048576K
}
Event: 246.843 GC heap before
{Heap before GC invocations=19 (full 2):
 PSYoungGen      total 23040K, used 999K [0x00000000eab00000, 0x00000000ec380000, 0x0000000100000000)
  eden space 22016K, 0% used [0x00000000eab00000,0x00000000eab00000,0x00000000ec080000)
  from space 1024K, 97% used [0x00000000ec100000,0x00000000ec1f9da8,0x00000000ec200000)
  to   space 1536K, 0% used [0x00000000ec200000,0x00000000ec200000,0x00000000ec380000)
 ParOldGen       total 68608K, used 27859K [0x00000000c0000000, 0x00000000c4300000, 0x00000000eab00000)
  object space 68608K, 40% used [0x00000000c0000000,0x00000000c1b34ff0,0x00000000c4300000)
 Metaspace       used 34993K, committed 35840K, reserved 1114112K
  class space    used 3452K, committed 3840K, reserved 1048576K
}
Event: 252.117 GC heap after
{Heap after GC invocations=19 (full 2):
 PSYoungGen      total 23040K, used 0K [0x00000000eab00000, 0x00000000ec380000, 0x0000000100000000)
  eden space 22016K, 0% used [0x00000000eab00000,0x00000000eab00000,0x00000000ec080000)
  from space 1024K, 0% used [0x00000000ec100000,0x00000000ec100000,0x00000000ec200000)
  to   space 1536K, 0% used [0x00000000ec200000,0x00000000ec200000,0x00000000ec380000)
 ParOldGen       total 68608K, used 27782K [0x00000000c0000000, 0x00000000c4300000, 0x00000000eab00000)
  object space 68608K, 40% used [0x00000000c0000000,0x00000000c1b21a68,0x00000000c4300000)
 Metaspace       used 34993K, committed 35840K, reserved 1114112K
  class space    used 3452K, committed 3840K, reserved 1048576K
}

